[05-Jun-2025 12:57:07 UTC] Global SSL bypass enabled for development environment
[05-Jun-2025 12:57:07 UTC] Getting cart items
[05-Jun-2025 12:57:07 UTC] Cart Data: Array
(
    [items] => Array
        (
            [0] => Array
                (
                    [id] => 7
                    [name] => Ocean Blue - 5
                    [price] => 0.01
                    [quantity] => 1
                    [stock] => 0
                    [thumbs] => thumbs/ocean_blue.jpg
                    [type] => ebook
                )

        )

    [total] => 0.01
)

[05-Jun-2025 12:57:27 UTC] Global SSL bypass enabled for development environment
[05-Jun-2025 12:57:27 UTC] Getting cart items
[05-Jun-2025 12:57:27 UTC] Cart Data: Array
(
    [items] => Array
        (
            [0] => Array
                (
                    [id] => 7
                    [name] => Ocean Blue - 5
                    [price] => 0.01
                    [quantity] => 1
                    [stock] => 0
                    [thumbs] => thumbs/ocean_blue.jpg
                    [type] => ebook
                )

        )

    [total] => 0.01
)

[05-Jun-2025 12:58:03 UTC] Network diagnostic: SSL connection failed
[05-Jun-2025 12:58:40 UTC] Order creation error: Cannot connect to payment system. Please check your internet connection and try again.
